<?xml version="1.0" encoding="UTF-8"?>
<testsuite name="com.example.zookepertest.demo.DemoApplicationTests" tests="1" skipped="0" failures="0" errors="0" timestamp="2024-10-27T16:31:23" hostname="WGC100BBS8HS3" time="1.283">
  <properties/>
  <testcase name="contextLoads()" classname="com.example.zookepertest.demo.DemoApplicationTests" time="1.283"/>
  <system-out><![CDATA[22:01:15.913 [Test worker] INFO org.springframework.test.context.support.AnnotationConfigContextLoaderUtils -- Could not detect default configuration classes for test class [com.example.zookepertest.demo.DemoApplicationTests]: DemoApplicationTests does not declare any static, non-private, non-final, nested classes annotated with @Configuration.
22:01:16.091 [Test worker] INFO org.springframework.boot.test.context.SpringBootTestContextBootstrapper -- Found @SpringBootConfiguration com.example.zookepertest.demo.DemoApplication for test class com.example.zookepertest.demo.DemoApplicationTests

  .   ____          _            __ _ _
 /\\ / ___'_ __ _ _(_)_ __  __ _ \ \ \ \
( ( )\___ | '_ | '_| | '_ \/ _` | \ \ \ \
 \\/  ___)| |_)| | | | | || (_| |  ) ) ) )
  '  |____| .__|_| |_|_| |_\__, | / / / /
 =========|_|==============|___/=/_/_/_/
 :: Spring Boot ::               (v3.2.11)

2024-10-27T22:01:16.731+05:30  INFO 5780 --- [demo] [    Test worker] c.e.z.demo.DemoApplicationTests          : Starting DemoApplicationTests using Java 17.0.10 with PID 5780 (started by PB23 in C:\Users\PB23\Downloads\Chaos\demo)
2024-10-27T22:01:16.733+05:30  INFO 5780 --- [demo] [    Test worker] c.e.z.demo.DemoApplicationTests          : No active profile set, falling back to 1 default profile: "default"
2024-10-27T22:01:17.848+05:30  INFO 5780 --- [demo] [    Test worker] o.a.c.f.imps.CuratorFrameworkImpl        : Starting
2024-10-27T22:01:17.854+05:30  INFO 5780 --- [demo] [    Test worker] org.apache.zookeeper.ZooKeeper           : Client environment:zookeeper.version=3.7.1-a2fb57c55f8e59cdd76c34b357ad5181df1258d5, built on 2022-05-07 06:45 UTC
2024-10-27T22:01:17.854+05:30  INFO 5780 --- [demo] [    Test worker] org.apache.zookeeper.ZooKeeper           : Client environment:host.name=WGC100BBS8HS3.ap1.ford.com
2024-10-27T22:01:17.854+05:30  INFO 5780 --- [demo] [    Test worker] org.apache.zookeeper.ZooKeeper           : Client environment:java.version=17.0.10
2024-10-27T22:01:17.854+05:30  INFO 5780 --- [demo] [    Test worker] org.apache.zookeeper.ZooKeeper           : Client environment:java.vendor=Eclipse Adoptium
2024-10-27T22:01:17.854+05:30  INFO 5780 --- [demo] [    Test worker] org.apache.zookeeper.ZooKeeper           : Client environment:java.home=C:\Users\PB23\Downloads\jdk-17.0.10+7
2024-10-27T22:01:17.854+05:30  INFO 5780 --- [demo] [    Test worker] org.apache.zookeeper.ZooKeeper           : Client environment:java.class.path=C:\\Users\\PB23\\.gradle\\caches\\8.10.2\\workerMain\\gradle-worker.jar;C:\\Users\\PB23\\Downloads\\Chaos\\demo\\build\\classes\\java\\test;C:\\Users\\PB23\\Downloads\\Chaos\\demo\\build\\classes\\java\\main;C:\\Users\\PB23\\Downloads\\Chaos\\demo\\build\\resources\\main;C:\\Users\\PB23\\.gradle\\caches\\modules-2\\files-2.1\\org.springframework.boot\\spring-boot-starter-web\\3.2.11\\ef1a30f02a2a031b9ccd5ab7c16487ef315ee303\\spring-boot-starter-web-3.2.11.jar;C:\\Users\\PB23\\.gradle\\caches\\modules-2\\files-2.1\\org.apache.curator\\curator-x-async\\4.0.1\\c5f3355a9a52b68fa59cd7a1e7c4883568bd3596\\curator-x-async-4.0.1.jar;C:\\Users\\PB23\\.gradle\\caches\\modules-2\\files-2.1\\org.apache.curator\\curator-recipes\\5.4.0\\3f56b12fd498dfdc9a9cbc9232f9a6ba999ae893\\curator-recipes-5.4.0.jar;C:\\Users\\PB23\\.gradle\\caches\\modules-2\\files-2.1\\org.springframework.boot\\spring-boot-starter-test\\3.2.11\\abe7c8772a2155ea27b058be1ae64772be222efa\\spring-boot-starter-test-3.2.11.jar;C:\\Users\\PB23\\.gradle\\caches\\modules-2\\files-2.1\\org.springframework.boot\\spring-boot-starter-json\\3.2.11\\ffb6be1b63b23e91d230280dc3ce930423fcf2b8\\spring-boot-starter-json-3.2.11.jar;C:\\Users\\PB23\\.gradle\\caches\\modules-2\\files-2.1\\org.springframework.boot\\spring-boot-starter\\3.2.11\\5bba1a82e2b11bae7a7fad5a8a71e569fc773021\\spring-boot-starter-3.2.11.jar;C:\\Users\\PB23\\.gradle\\caches\\modules-2\\files-2.1\\org.springframework.boot\\spring-boot-starter-tomcat\\3.2.11\\b3178fd3c11fa8a1618d6c0dd5867100ec9d9454\\spring-boot-starter-tomcat-3.2.11.jar;C:\\Users\\PB23\\.gradle\\caches\\modules-2\\files-2.1\\org.springframework\\spring-webmvc\\6.1.14\\804478303aac6f91ea566efd4fef3dc06380528a\\spring-webmvc-6.1.14.jar;C:\\Users\\PB23\\.gradle\\caches\\modules-2\\files-2.1\\org.springframework\\spring-web\\6.1.14\\b45eaad7df4f37ce224acdcb555a6a3dd5c246b2\\spring-web-6.1.14.jar;C:\\Users\\PB23\\.gradle\\caches\\modules-2\\files-2.1\\org.apache.curator\\curator-framework\\5.4.0\\95b32910374186a72133050dc1a4a5e8c68e982f\\curator-framework-5.4.0.jar;C:\\Users\\PB23\\.gradle\\caches\\modules-2\\files-2.1\\org.springframework.boot\\spring-boot-test-autoconfigure\\3.2.11\\4344926d466c9a2a36401c669ee9ba832bc811cc\\spring-boot-test-autoconfigure-3.2.11.jar;C:\\Users\\PB23\\.gradle\\caches\\modules-2\\files-2.1\\org.springframework.boot\\spring-boot-test\\3.2.11\\83bdab6d36ad3bef785ecf23aced66159df0733f\\spring-boot-test-3.2.11.jar;C:\\Users\\PB23\\.gradle\\caches\\modules-2\\files-2.1\\com.jayway.jsonpath\\json-path\\2.9.0\\37fe2217f577b0b68b18e62c4d17a8858ecf9b69\\json-path-2.9.0.jar;C:\\Users\\PB23\\.gradle\\caches\\modules-2\\files-2.1\\jakarta.xml.bind\\jakarta.xml.bind-api\\4.0.2\\6cd5a999b834b63238005b7144136379dc36cad2\\jakarta.xml.bind-api-4.0.2.jar;C:\\Users\\PB23\\.gradle\\caches\\modules-2\\files-2.1\\net.minidev\\json-smart\\2.5.1\\4c11d2808d009132dfbbf947ebf37de6bf266c8e\\json-smart-2.5.1.jar;C:\\Users\\PB23\\.gradle\\caches\\modules-2\\files-2.1\\org.assertj\\assertj-core\\3.24.2\\ebbf338e33f893139459ce5df023115971c2786f\\assertj-core-3.24.2.jar;C:\\Users\\PB23\\.gradle\\caches\\modules-2\\files-2.1\\org.awaitility\\awaitility\\4.2.2\\7336242073ebf83fe034e42b46a403c5501b63c9\\awaitility-4.2.2.jar;C:\\Users\\PB23\\.gradle\\caches\\modules-2\\files-2.1\\org.hamcrest\\hamcrest\\2.2\\1820c0968dba3a11a1b30669bb1f01978a91dedc\\hamcrest-2.2.jar;C:\\Users\\PB23\\.gradle\\caches\\modules-2\\files-2.1\\org.mockito\\mockito-junit-jupiter\\5.7.0\\ac2d6a3431747a7986b8f4abef465f72bf3a21ae\\mockito-junit-jupiter-5.7.0.jar;C:\\Users\\PB23\\.gradle\\caches\\modules-2\\files-2.1\\org.junit.jupiter\\junit-jupiter-params\\5.10.5\\e19d95e190aedb81c883d50cc05b1860400d957c\\junit-jupiter-params-5.10.5.jar;C:\\Users\\PB23\\.gradle\\caches\\modules-2\\files-2.1\\org.junit.jupiter\\junit-jupiter-engine\\5.10.5\\e234785788419ffdfc4b65474b2081c0a9f7e77d\\junit-jupiter-engine-5.10.5.jar;C:\\Users\\PB23\\.gradle\\caches\\modules-2\\files-2.1\\org.junit.jupiter\\junit-jupiter-api\\5.10.5\\a5c09855b0087daaddaa5faa5100ab2555d5e111\\junit-jupiter-api-5.10.5.jar;C:\\Users\\PB23\\.gradle\\caches\\modules-2\\files-2.1\\org.junit.platform\\junit-platform-engine\\1.10.5\\7db4b98a955a2686d893a8a209591f029c438b44\\junit-platform-engine-1.10.5.jar;C:\\Users\\PB23\\.gradle\\caches\\modules-2\\files-2.1\\org.junit.platform\\junit-platform-commons\\1.10.5\\6d1985c5eece30fb9faafe9bf1f5e005ac3d0fcc\\junit-platform-commons-1.10.5.jar;C:\\Users\\PB23\\.gradle\\caches\\modules-2\\files-2.1\\org.junit.jupiter\\junit-jupiter\\5.10.5\\cbf98926c44240c9ca1519a20e58722be6d6a44a\\junit-jupiter-5.10.5.jar;C:\\Users\\PB23\\.gradle\\caches\\modules-2\\files-2.1\\org.mockito\\mockito-core\\5.7.0\\a1c258331ab91d66863c983aff7136357e9de056\\mockito-core-5.7.0.jar;C:\\Users\\PB23\\.gradle\\caches\\modules-2\\files-2.1\\org.skyscreamer\\jsonassert\\1.5.3\\aaa43e0823d2a0e106e8754d6a9c4ab24e05e9bc\\jsonassert-1.5.3.jar;C:\\Users\\PB23\\.gradle\\caches\\modules-2\\files-2.1\\org.springframework\\spring-test\\6.1.14\\8fbac6fc57f6ca7b429fb02b7aa3caea7e1a281d\\spring-test-6.1.14.jar;C:\\Users\\PB23\\.gradle\\caches\\modules-2\\files-2.1\\org.springframework.boot\\spring-boot-autoconfigure\\3.2.11\\e7d55680d71d9d031f95aa81ab86382168818564\\spring-boot-autoconfigure-3.2.11.jar;C:\\Users\\PB23\\.gradle\\caches\\modules-2\\files-2.1\\org.springframework.boot\\spring-boot\\3.2.11\\a7893db66987bb4e12dc0001d99e6ce08751a0ee\\spring-boot-3.2.11.jar;C:\\Users\\PB23\\.gradle\\caches\\modules-2\\files-2.1\\org.springframework\\spring-context\\6.1.14\\b3d96fb4310376a608465c3544b7cfb790293787\\spring-context-6.1.14.jar;C:\\Users\\PB23\\.gradle\\caches\\modules-2\\files-2.1\\org.springframework\\spring-aop\\6.1.14\\3d5002d4c415c1ff4720f214c804d3d7e7d10111\\spring-aop-6.1.14.jar;C:\\Users\\PB23\\.gradle\\caches\\modules-2\\files-2.1\\org.springframework\\spring-beans\\6.1.14\\be71b919145e20fb7f38c81467d7d0f1c09ad1bd\\spring-beans-6.1.14.jar;C:\\Users\\PB23\\.gradle\\caches\\modules-2\\files-2.1\\org.springframework\\spring-expression\\6.1.14\\495646d4968fb90aa97bc05a7d298d0c32898a1d\\spring-expression-6.1.14.jar;C:\\Users\\PB23\\.gradle\\caches\\modules-2\\files-2.1\\org.springframework\\spring-core\\6.1.14\\45d2d808015bf6c5411e457fa09e843042dc3a76\\spring-core-6.1.14.jar;C:\\Users\\PB23\\.gradle\\caches\\modules-2\\files-2.1\\org.xmlunit\\xmlunit-core\\2.9.1\\e5833662d9a1279a37da3ef6f62a1da29fcd68c4\\xmlunit-core-2.9.1.jar;C:\\Users\\PB23\\.gradle\\caches\\modules-2\\files-2.1\\org.springframework.boot\\spring-boot-starter-logging\\3.2.11\\3dcabb57e147c423ea14d3781484a6aa9eae8bf2\\spring-boot-starter-logging-3.2.11.jar;C:\\Users\\PB23\\.gradle\\caches\\modules-2\\files-2.1\\jakarta.annotation\\jakarta.annotation-api\\2.1.1\\48b9bda22b091b1f48b13af03fe36db3be6e1ae3\\jakarta.annotation-api-2.1.1.jar;C:\\Users\\PB23\\.gradle\\caches\\modules-2\\files-2.1\\org.yaml\\snakeyaml\\2.2\\3af797a25458550a16bf89acc8e4ab2b7f2bfce0\\snakeyaml-2.2.jar;C:\\Users\\PB23\\.gradle\\caches\\modules-2\\files-2.1\\com.fasterxml.jackson.datatype\\jackson-datatype-jsr310\\2.15.4\\7de629770a4559db57128d35ccae7d2fddd35db3\\jackson-datatype-jsr310-2.15.4.jar;C:\\Users\\PB23\\.gradle\\caches\\modules-2\\files-2.1\\com.fasterxml.jackson.module\\jackson-module-parameter-names\\2.15.4\\e654497a08359db2521b69b5f710e00836915d8c\\jackson-module-parameter-names-2.15.4.jar;C:\\Users\\PB23\\.gradle\\caches\\modules-2\\files-2.1\\com.fasterxml.jackson.core\\jackson-annotations\\2.15.4\\5223ea5a9bf52cdc9c5e537a0e52f2432eaf208b\\jackson-annotations-2.15.4.jar;C:\\Users\\PB23\\.gradle\\caches\\modules-2\\files-2.1\\com.fasterxml.jackson.core\\jackson-core\\2.15.4\\aebe84b45360debad94f692a4074c6aceb535fa0\\jackson-core-2.15.4.jar;C:\\Users\\PB23\\.gradle\\caches\\modules-2\\files-2.1\\com.fasterxml.jackson.datatype\\jackson-datatype-jdk8\\2.15.4\\694777f182334a21bf1aeab1b04cc4398c801f3f\\jackson-datatype-jdk8-2.15.4.jar;C:\\Users\\PB23\\.gradle\\caches\\modules-2\\files-2.1\\com.fasterxml.jackson.core\\jackson-databind\\2.15.4\\560309fc381f77d4d15c4a4cdaa0db5025c4fd13\\jackson-databind-2.15.4.jar;C:\\Users\\PB23\\.gradle\\caches\\modules-2\\files-2.1\\org.apache.tomcat.embed\\tomcat-embed-websocket\\10.1.31\\6f755a475e44ece496ae3402de0c6c2dbea63921\\tomcat-embed-websocket-10.1.31.jar;C:\\Users\\PB23\\.gradle\\caches\\modules-2\\files-2.1\\org.apache.tomcat.embed\\tomcat-embed-core\\10.1.31\\a91cc0a95157228d9cccb1a9e8fb9c77c048c937\\tomcat-embed-core-10.1.31.jar;C:\\Users\\PB23\\.gradle\\caches\\modules-2\\files-2.1\\org.apache.tomcat.embed\\tomcat-embed-el\\10.1.31\\ab21108d69bb42160eff7b905f606a1d0c21ae67\\tomcat-embed-el-10.1.31.jar;C:\\Users\\PB23\\.gradle\\caches\\modules-2\\files-2.1\\io.micrometer\\micrometer-observation\\1.12.11\\3fdc0d84b653c43fcc77657b05cfbe586b08eba1\\micrometer-observation-1.12.11.jar;C:\\Users\\PB23\\.gradle\\caches\\modules-2\\files-2.1\\org.apache.curator\\curator-client\\5.4.0\\a607ca5a06d16d01048fad42dffbd85fdde04a95\\curator-client-5.4.0.jar;C:\\Users\\PB23\\.gradle\\caches\\modules-2\\files-2.1\\ch.qos.logback\\logback-classic\\1.4.14\\d98bc162275134cdf1518774da4a2a17ef6fb94d\\logback-classic-1.4.14.jar;C:\\Users\\PB23\\.gradle\\caches\\modules-2\\files-2.1\\org.apache.logging.log4j\\log4j-to-slf4j\\2.21.1\\d77b2ba81711ed596cd797cc2b5b5bd7409d841c\\log4j-to-slf4j-2.21.1.jar;C:\\Users\\PB23\\.gradle\\caches\\modules-2\\files-2.1\\org.slf4j\\jul-to-slf4j\\2.0.16\\6d57da3e961daac65bcca0dd3def6cd11e48a24a\\jul-to-slf4j-2.0.16.jar;C:\\Users\\PB23\\.gradle\\caches\\modules-2\\files-2.1\\org.apache.zookeeper\\zookeeper\\3.7.1\\b598708e153ff74dd2ebb800419df96df8a01c2d\\zookeeper-3.7.1.jar;C:\\Users\\PB23\\.gradle\\caches\\modules-2\\files-2.1\\org.slf4j\\slf4j-api\\2.0.16\\172931663a09a1fa515567af5fbef00897d3c04\\slf4j-api-2.0.16.jar;C:\\Users\\PB23\\.gradle\\caches\\modules-2\\files-2.1\\jakarta.activation\\jakarta.activation-api\\2.1.3\\fa165bd70cda600368eee31555222776a46b881f\\jakarta.activation-api-2.1.3.jar;C:\\Users\\PB23\\.gradle\\caches\\modules-2\\files-2.1\\net.minidev\\accessors-smart\\2.5.1\\19b820261eb2e7de7d5bde11d1c06e4501dd7e5f\\accessors-smart-2.5.1.jar;C:\\Users\\PB23\\.gradle\\caches\\modules-2\\files-2.1\\net.bytebuddy\\byte-buddy\\1.14.19\\4c0c637b8f47dc08f89240e6f59900011752c97b\\byte-buddy-1.14.19.jar;C:\\Users\\PB23\\.gradle\\caches\\modules-2\\files-2.1\\net.bytebuddy\\byte-buddy-agent\\1.14.19\\154da3a65b4f4a909d3e5bdec55d1b2b4cbb6ce1\\byte-buddy-agent-1.14.19.jar;C:\\Users\\PB23\\.gradle\\caches\\modules-2\\files-2.1\\org.objenesis\\objenesis\\3.3\\1049c09f1de4331e8193e579448d0916d75b7631\\objenesis-3.3.jar;C:\\Users\\PB23\\.gradle\\caches\\modules-2\\files-2.1\\com.vaadin.external.google\\android-json\\0.0.20131108.vaadin1\\fa26d351fe62a6a17f5cda1287c1c6110dec413f\\android-json-0.0.20131108.vaadin1.jar;C:\\Users\\PB23\\.gradle\\caches\\modules-2\\files-2.1\\org.springframework\\spring-jcl\\6.1.14\\842b2b24a375efd79af436860d22ba4e0082ff4b\\spring-jcl-6.1.14.jar;C:\\Users\\PB23\\.gradle\\caches\\modules-2\\files-2.1\\io.micrometer\\micrometer-commons\\1.12.11\\bd465f5df4c4ba8b01b860a8dab4519ff7e4d5cd\\micrometer-commons-1.12.11.jar;C:\\Users\\PB23\\.gradle\\caches\\modules-2\\files-2.1\\com.google.guava\\guava\\31.1-jre\\60458f877d055d0c9114d9e1a2efb737b4bc282c\\guava-31.1-jre.jar;C:\\Users\\PB23\\.gradle\\caches\\modules-2\\files-2.1\\org.ow2.asm\\asm\\9.6\\aa205cf0a06dbd8e04ece91c0b37c3f5d567546a\\asm-9.6.jar;C:\\Users\\PB23\\.gradle\\caches\\modules-2\\files-2.1\\org.opentest4j\\opentest4j\\1.3.0\\152ea56b3a72f655d4fd677fc0ef2596c3dd5e6e\\opentest4j-1.3.0.jar;C:\\Users\\PB23\\.gradle\\caches\\modules-2\\files-2.1\\ch.qos.logback\\logback-core\\1.4.14\\4d3c2248219ac0effeb380ed4c5280a80bf395e8\\logback-core-1.4.14.jar;C:\\Users\\PB23\\.gradle\\caches\\modules-2\\files-2.1\\org.apache.logging.log4j\\log4j-api\\2.21.1\\74c65e87b9ce1694a01524e192d7be989ba70486\\log4j-api-2.21.1.jar;C:\\Users\\PB23\\.gradle\\caches\\modules-2\\files-2.1\\org.apache.zookeeper\\zookeeper-jute\\3.7.1\\569a3fa7bad2127d74219bd2aaaac56a89c21b02\\zookeeper-jute-3.7.1.jar;C:\\Users\\PB23\\.gradle\\caches\\modules-2\\files-2.1\\org.apache.yetus\\audience-annotations\\0.12.0\\e0efa60318229590103e31c69ebdaae56d903644\\audience-annotations-0.12.0.jar;C:\\Users\\PB23\\.gradle\\caches\\modules-2\\files-2.1\\io.netty\\netty-handler\\4.1.114.Final\\e56fbde4b9aa628eed15a5dbfbeb97877db88146\\netty-handler-4.1.114.Final.jar;C:\\Users\\PB23\\.gradle\\caches\\modules-2\\files-2.1\\io.netty\\netty-transport-native-epoll\\4.1.114.Final\\aff3cd3f41f587f43c14cbb47b9ab380f5387a81\\netty-transport-native-epoll-4.1.114.Final.jar;C:\\Users\\PB23\\.gradle\\caches\\modules-2\\files-2.1\\com.google.guava\\failureaccess\\1.0.1\\1dcf1de382a0bf95a3d8b0849546c88bac1292c9\\failureaccess-1.0.1.jar;C:\\Users\\PB23\\.gradle\\caches\\modules-2\\files-2.1\\com.google.guava\\listenablefuture\\9999.0-empty-to-avoid-conflict-with-guava\\b421526c5f297295adef1c886e5246c39d4ac629\\listenablefuture-9999.0-empty-to-avoid-conflict-with-guava.jar;C:\\Users\\PB23\\.gradle\\caches\\modules-2\\files-2.1\\com.google.code.findbugs\\jsr305\\3.0.2\\25ea2e8b0c338a877313bd4672d3fe056ea78f0d\\jsr305-3.0.2.jar;C:\\Users\\PB23\\.gradle\\caches\\modules-2\\files-2.1\\org.checkerframework\\checker-qual\\3.12.0\\d5692f0526415fcc6de94bb5bfbd3afd9dd3b3e5\\checker-qual-3.12.0.jar;C:\\Users\\PB23\\.gradle\\caches\\modules-2\\files-2.1\\com.google.errorprone\\error_prone_annotations\\2.11.0\\c5a0ace696d3f8b1c1d8cc036d8c03cc0cbe6b69\\error_prone_annotations-2.11.0.jar;C:\\Users\\PB23\\.gradle\\caches\\modules-2\\files-2.1\\com.google.j2objc\\j2objc-annotations\\1.3\\ba035118bc8bac37d7eff77700720999acd9986d\\j2objc-annotations-1.3.jar;C:\\Users\\PB23\\.gradle\\caches\\modules-2\\files-2.1\\io.netty\\netty-transport-classes-epoll\\4.1.114.Final\\f442c794e6fe89e6974f058bf393353e01fb927d\\netty-transport-classes-epoll-4.1.114.Final.jar;C:\\Users\\PB23\\.gradle\\caches\\modules-2\\files-2.1\\io.netty\\netty-transport-native-unix-common\\4.1.114.Final\\d1171bb99411f282068f49d780cedf8c9adeabfd\\netty-transport-native-unix-common-4.1.114.Final.jar;C:\\Users\\PB23\\.gradle\\caches\\modules-2\\files-2.1\\io.netty\\netty-codec\\4.1.114.Final\\5a49dfa2828d64bf756f670e63259115332744cf\\netty-codec-4.1.114.Final.jar;C:\\Users\\PB23\\.gradle\\caches\\modules-2\\files-2.1\\io.netty\\netty-transport\\4.1.114.Final\\e0225a575f487904be8517092cbd74e01913533c\\netty-transport-4.1.114.Final.jar;C:\\Users\\PB23\\.gradle\\caches\\modules-2\\files-2.1\\io.netty\\netty-resolver\\4.1.114.Final\\10b23784b23d6a948930f52ba82874f1291b5873\\netty-resolver-4.1.114.Final.jar;C:\\Users\\PB23\\.gradle\\caches\\modules-2\\files-2.1\\io.netty\\netty-buffer\\4.1.114.Final\\f1d77d15c0b781cd9395a2a956262766fd0c7602\\netty-buffer-4.1.114.Final.jar;C:\\Users\\PB23\\.gradle\\caches\\modules-2\\files-2.1\\io.netty\\netty-common\\4.1.114.Final\\862712e292b162c8ccaa7847a6a54df8178f77e5\\netty-common-4.1.114.Final.jar;C:\\Users\\PB23\\.gradle\\wrapper\\dists\\gradle-8.10.2-bin\\a04bxjujx95o3nb99gddekhwo\\gradle-8.10.2\\lib\\plugins\\junit-platform-engine-1.8.2.jar;C:\\Users\\PB23\\.gradle\\wrapper\\dists\\gradle-8.10.2-bin\\a04bxjujx95o3nb99gddekhwo\\gradle-8.10.2\\lib\\plugins\\junit-platform-launcher-1.8.2.jar;C:\\Users\\PB23\\.gradle\\wrapper\\dists\\gradle-8.10.2-bin\\a04bxjujx95o3nb99gddekhwo\\gradle-8.10.2\\lib\\plugins\\junit-platform-commons-1.8.2.jar
2024-10-27T22:01:17.855+05:30  INFO 5780 --- [demo] [    Test worker] org.apache.zookeeper.ZooKeeper           : Client environment:java.library.path=C:\Users\PB23\Downloads\jdk-17.0.10+7\bin;C:\WINDOWS\Sun\Java\bin;C:\WINDOWS\system32;C:\WINDOWS;C:\Program Files\Eclipse Adoptium\jdk-11.0.18.10-hotspot\bin;C:\Program Files (x86)\Common Files\Oracle\Java\javapath;C:\Program Files (x86)\RSA SecurID Token Common;C:\Program Files\RSA SecurID Token Common;C:\WINDOWS\system32;C:\WINDOWS;C:\WINDOWS\System32\Wbem;C:\WINDOWS\System32\WindowsPowerShell\v1.0\;C:\WINDOWS\System32\OpenSSH\;C:\Program Files\7-Zip;C:\ProgramData\chocolatey\bin;C:\Program Files\Git\cmd;C:\Program Files\PowerShell\7\;C:\Program Files\GitHub CLI\;C:\Users\PB23\AppData\Local\Programs\Python\Python312\Scripts\;C:\Users\PB23\AppData\Local\Programs\Python\Python312\;C:\Users\PB23\AppData\Local\Programs\Python\Launcher\;C:\Users\PB23\AppData\Local\Microsoft\WindowsApps;C:\Users\PB23\AppData\Local\Programs\Git\cmd;C:\Users\PB23\AppData\Local\Programs\Microsoft VS Code\bin;C:\Users\PB23\AppData\Local\Programs\oh-my-posh\bin;C:\Users\PB23\AppData\Local\Google\Cloud SDK\google-cloud-sdk\bin;;.
2024-10-27T22:01:17.855+05:30  INFO 5780 --- [demo] [    Test worker] org.apache.zookeeper.ZooKeeper           : Client environment:java.io.tmpdir=C:\Users\PB23\AppData\Local\Temp\
2024-10-27T22:01:17.855+05:30  INFO 5780 --- [demo] [    Test worker] org.apache.zookeeper.ZooKeeper           : Client environment:java.compiler=<NA>
2024-10-27T22:01:17.855+05:30  INFO 5780 --- [demo] [    Test worker] org.apache.zookeeper.ZooKeeper           : Client environment:os.name=Windows 11
2024-10-27T22:01:17.855+05:30  INFO 5780 --- [demo] [    Test worker] org.apache.zookeeper.ZooKeeper           : Client environment:os.arch=amd64
2024-10-27T22:01:17.855+05:30  INFO 5780 --- [demo] [    Test worker] org.apache.zookeeper.ZooKeeper           : Client environment:os.version=10.0
2024-10-27T22:01:17.855+05:30  INFO 5780 --- [demo] [    Test worker] org.apache.zookeeper.ZooKeeper           : Client environment:user.name=PB23
2024-10-27T22:01:17.855+05:30  INFO 5780 --- [demo] [    Test worker] org.apache.zookeeper.ZooKeeper           : Client environment:user.home=C:\Users\PB23
2024-10-27T22:01:17.855+05:30  INFO 5780 --- [demo] [    Test worker] org.apache.zookeeper.ZooKeeper           : Client environment:user.dir=C:\Users\PB23\Downloads\Chaos\demo
2024-10-27T22:01:17.856+05:30  INFO 5780 --- [demo] [    Test worker] org.apache.zookeeper.ZooKeeper           : Client environment:os.memory.free=16MB
2024-10-27T22:01:17.856+05:30  INFO 5780 --- [demo] [    Test worker] org.apache.zookeeper.ZooKeeper           : Client environment:os.memory.max=512MB
2024-10-27T22:01:17.856+05:30  INFO 5780 --- [demo] [    Test worker] org.apache.zookeeper.ZooKeeper           : Client environment:os.memory.total=44MB
2024-10-27T22:01:17.863+05:30  INFO 5780 --- [demo] [    Test worker] org.apache.zookeeper.ZooKeeper           : Initiating client connection, connectString=localhost:2181 sessionTimeout=50000 watcher=org.apache.curator.ConnectionState@6274670b
2024-10-27T22:01:17.867+05:30  INFO 5780 --- [demo] [    Test worker] org.apache.zookeeper.common.X509Util     : Setting -D jdk.tls.rejectClientInitiatedRenegotiation=true to disable client-initiated TLS renegotiation
2024-10-27T22:01:17.871+05:30  INFO 5780 --- [demo] [    Test worker] org.apache.zookeeper.ClientCnxnSocket    : jute.maxbuffer value is 1048575 Bytes
2024-10-27T22:01:17.878+05:30  INFO 5780 --- [demo] [    Test worker] org.apache.zookeeper.ClientCnxn          : zookeeper.request.timeout value is 0. feature enabled=false
2024-10-27T22:01:17.883+05:30  INFO 5780 --- [demo] [localhost:2181)] org.apache.zookeeper.ClientCnxn          : Opening socket connection to server localhost/127.0.0.1:2181.
2024-10-27T22:01:17.883+05:30  INFO 5780 --- [demo] [localhost:2181)] org.apache.zookeeper.ClientCnxn          : SASL config status: Will not attempt to authenticate using SASL (unknown error)
2024-10-27T22:01:17.884+05:30  INFO 5780 --- [demo] [localhost:2181)] org.apache.zookeeper.ClientCnxn          : Socket connection established, initiating session, client: /127.0.0.1:61323, server: localhost/127.0.0.1:2181
2024-10-27T22:01:17.885+05:30  INFO 5780 --- [demo] [    Test worker] o.a.c.f.imps.CuratorFrameworkImpl        : Default schema
2024-10-27T22:01:17.895+05:30  INFO 5780 --- [demo] [localhost:2181)] org.apache.zookeeper.ClientCnxn          : Session establishment complete on server localhost/127.0.0.1:2181, session id = 0x10005388223001f, negotiated timeout = 50000
2024-10-27T22:01:17.911+05:30  INFO 5780 --- [demo] [ker-EventThread] o.a.c.f.state.ConnectionStateManager     : State change: CONNECTED
2024-10-27T22:01:17.921+05:30  INFO 5780 --- [demo] [ker-EventThread] o.a.c.framework.imps.EnsembleTracker     : New config event received: {}
2024-10-27T22:01:17.921+05:30  INFO 5780 --- [demo] [ker-EventThread] o.a.c.framework.imps.EnsembleTracker     : New config event received: {}
2024-10-27T22:01:17.948+05:30  INFO 5780 --- [demo] [    Test worker] c.e.z.d.s.impl.MarketManagerServiceImpl  : Registered instance 6d88b90c-4183-4978-98ce-4a6d50db484f at: /cart-processors/6d88b90c-4183-4978-98ce-4a6d50db484f||
2024-10-27T22:01:18.556+05:30  INFO 5780 --- [demo] [    Test worker] c.e.z.d.l.MarketAllocationListener       : Spring context refreshed. Triggering initial market allocation...
2024-10-27T22:01:18.558+05:30  WARN 5780 --- [demo] [    Test worker] c.e.z.d.s.impl.MarketManagerServiceImpl  : Payment service instance 6d88b90c-4183-4978-98ce-4a6d50db484f could not acquire any markets. Retrying in 5 seconds.
2024-10-27T22:01:23.579+05:30  INFO 5780 --- [demo] [    Test worker] c.e.z.demo.DemoApplicationTests          : Started DemoApplicationTests in 7.291 seconds (process running for 8.978)
]]></system-out>
  <system-err><![CDATA[]]></system-err>
</testsuite>
